
2024/11/26 (18:26:14) | ===> btop++ v.1.4.0
2024/11/26 (18:26:14) | WARNING: NVML: Failed to get GPU power usage: Not Supported

2024/11/26 (18:33:07) | ===> btop++ v.1.4.0
2024/11/26 (18:33:07) | WARNING: NVML: Failed to get GPU power usage: Not Supported

2024/11/26 (18:45:42) | ===> btop++ v.1.4.0
2024/11/26 (18:45:42) | WARNING: NVML: Failed to get GPU power usage: Not Supported

2024/11/26 (18:55:50) | ===> btop++ v.1.4.0
2024/11/26 (18:55:50) | WARNING: NVML: Failed to get GPU power usage: Not Supported

2024/11/26 (19:27:17) | ===> btop++ v.1.4.0
2024/11/26 (19:27:17) | WARNING: NVML: Failed to get GPU power usage: Not Supported

2024/11/26 (20:05:13) | ===> btop++ v.1.4.0
2024/11/26 (20:05:13) | WARNING: NVML: Failed to get GPU power usage: Not Supported

2024/11/26 (20:29:28) | ===> btop++ v.1.4.0
2024/11/26 (20:29:28) | WARNING: NVML: Failed to get GPU power usage: Not Supported

2024/11/26 (21:12:06) | ===> btop++ v.1.4.0
2024/11/26 (21:12:06) | WARNING: NVML: Failed to get GPU power usage: Not Supported

2024/11/26 (21:25:29) | ===> btop++ v.1.4.0
2024/11/26 (21:25:29) | WARNING: NVML: Failed to get GPU power usage: Not Supported

2024/11/26 (21:46:49) | ===> btop++ v.1.4.0
2024/11/26 (21:46:49) | WARNING: NVML: Failed to get GPU power usage: Not Supported

2024/11/26 (21:55:12) | ===> btop++ v.1.4.0
2024/11/26 (21:55:12) | WARNING: NVML: Failed to get GPU power usage: Not Supported

2024/11/26 (21:58:10) | ===> btop++ v.1.4.0
2024/11/26 (21:58:10) | WARNING: NVML: Failed to get GPU power usage: Not Supported

2024/11/26 (22:15:27) | ===> btop++ v.1.4.0
2024/11/26 (22:15:27) | WARNING: NVML: Failed to get GPU power usage: Not Supported

2024/11/26 (22:17:28) | ===> btop++ v.1.4.0
2024/11/26 (22:17:28) | WARNING: NVML: Failed to get GPU power usage: Not Supported

2024/11/26 (23:41:59) | ===> btop++ v.1.4.0
2024/11/26 (23:41:59) | WARNING: NVML: Failed to get GPU power usage: Not Supported

2024/11/26 (23:50:19) | ===> btop++ v.1.4.0
2024/11/26 (23:50:19) | WARNING: NVML: Failed to get GPU power usage: Not Supported

2024/11/26 (23:57:42) | ===> btop++ v.1.4.0
2024/11/26 (23:57:42) | WARNING: NVML: Failed to get GPU power usage: Not Supported

2024/11/27 (00:06:35) | ===> btop++ v.1.4.0
2024/11/27 (00:06:35) | WARNING: NVML: Failed to get GPU power usage: Not Supported

2024/11/27 (00:14:43) | ===> btop++ v.1.4.0
2024/11/27 (00:14:43) | WARNING: NVML: Failed to get GPU power usage: Not Supported

2024/11/27 (00:29:35) | ===> btop++ v.1.4.0
2024/11/27 (00:29:35) | WARNING: NVML: Failed to get GPU power usage: Not Supported

2024/11/27 (00:38:27) | ===> btop++ v.1.4.0
2024/11/27 (00:38:27) | WARNING: NVML: Failed to get GPU power usage: Not Supported

2024/11/27 (00:53:36) | ===> btop++ v.1.4.0
2024/11/27 (00:53:36) | WARNING: NVML: Failed to get GPU power usage: Not Supported

2024/11/27 (12:27:56) | ===> btop++ v.1.4.0
2024/11/27 (12:27:56) | WARNING: NVML: Failed to get GPU power usage: Not Supported

2024/11/27 (12:32:54) | ===> btop++ v.1.4.0
2024/11/27 (12:32:54) | WARNING: NVML: Failed to get GPU power usage: Not Supported

2024/11/27 (13:20:14) | ===> btop++ v.1.4.0
2024/11/27 (13:20:14) | WARNING: NVML: Failed to get GPU power usage: Not Supported

2024/11/27 (13:27:51) | ===> btop++ v.1.4.0
2024/11/27 (13:27:51) | WARNING: NVML: Failed to get GPU power usage: Not Supported

2024/11/27 (13:34:23) | ===> btop++ v.1.4.0
2024/11/27 (13:34:23) | WARNING: NVML: Failed to get GPU power usage: Not Supported

2024/11/27 (13:35:13) | ===> btop++ v.1.4.0
2024/11/27 (13:35:13) | WARNING: NVML: Failed to get GPU power usage: Not Supported

2024/11/27 (13:48:03) | ===> btop++ v.1.4.0
2024/11/27 (13:48:03) | WARNING: NVML: Failed to get GPU power usage: Not Supported

2024/11/27 (13:50:13) | ===> btop++ v.1.4.0
2024/11/27 (13:50:13) | WARNING: NVML: Failed to get GPU power usage: Not Supported

2024/11/27 (14:17:38) | ===> btop++ v.1.4.0
2024/11/27 (14:17:38) | WARNING: NVML: Failed to get GPU power usage: Not Supported

2024/11/27 (14:32:19) | ===> btop++ v.1.4.0
2024/11/27 (14:32:19) | WARNING: NVML: Failed to get GPU power usage: Not Supported

2024/11/27 (14:33:46) | ===> btop++ v.1.4.0
2024/11/27 (14:33:46) | WARNING: NVML: Failed to get GPU power usage: Not Supported

2024/11/28 (12:12:57) | ===> btop++ v.1.4.0
2024/11/28 (12:12:57) | WARNING: NVML: Failed to get GPU power usage: Not Supported

2024/11/30 (12:15:44) | ===> btop++ v.1.4.0
2024/11/30 (12:15:44) | WARNING: NVML: Failed to get GPU power usage: Not Supported

2024/11/30 (07:17:21) | ===> btop++ v.1.4.0
2024/11/30 (07:17:21) | WARNING: NVML: Failed to get GPU power usage: Not Supported

2024/11/30 (07:33:24) | ===> btop++ v.1.4.0
2024/11/30 (07:33:24) | WARNING: NVML: Failed to get GPU power usage: Not Supported

2024/11/30 (07:45:53) | ===> btop++ v.1.4.0
2024/11/30 (07:45:53) | WARNING: NVML: Failed to get GPU power usage: Not Supported

2024/11/30 (07:46:46) | ===> btop++ v.1.4.0
2024/11/30 (07:46:46) | WARNING: NVML: Failed to get GPU power usage: Not Supported

2024/11/30 (08:31:36) | ===> btop++ v.1.4.0
2024/11/30 (08:31:36) | WARNING: NVML: Failed to get GPU power usage: Not Supported

2024/12/02 (03:19:01) | ===> btop++ v.1.4.0
2024/12/02 (03:19:01) | WARNING: NVML: Failed to get GPU power usage: Not Supported

2024/12/02 (03:44:45) | ===> btop++ v.1.4.0
2024/12/02 (03:44:45) | WARNING: NVML: Failed to get GPU power usage: Not Supported

2024/12/02 (13:04:31) | ===> btop++ v.1.4.0
2024/12/02 (13:04:31) | WARNING: NVML: Failed to get GPU power usage: Not Supported

2024/12/05 (00:24:41) | ===> btop++ v.1.4.0
2024/12/05 (00:24:41) | WARNING: NVML: Failed to get GPU power usage: Not Supported

2024/12/05 (00:51:44) | ===> btop++ v.1.4.0
2024/12/05 (00:51:44) | WARNING: NVML: Failed to get GPU power usage: Not Supported

2024/12/05 (01:30:19) | ===> btop++ v.1.4.0
2024/12/05 (01:30:19) | WARNING: NVML: Failed to get GPU power usage: Not Supported

2024/12/05 (01:35:59) | ===> btop++ v.1.4.0
2024/12/05 (01:35:59) | WARNING: NVML: Failed to get GPU power usage: Not Supported

2024/12/06 (14:17:16) | ===> btop++ v.1.4.0
2024/12/06 (14:17:16) | WARNING: NVML: Failed to get GPU power usage: Not Supported

2024/12/06 (21:28:24) | ===> btop++ v.1.4.0
2024/12/06 (21:28:24) | WARNING: NVML: Failed to get GPU power usage: Not Supported

2024/12/06 (21:32:43) | ===> btop++ v.1.4.0
2024/12/06 (21:32:43) | WARNING: NVML: Failed to get GPU power usage: Not Supported

2024/12/06 (21:34:30) | ===> btop++ v.1.4.0
2024/12/06 (21:34:30) | WARNING: NVML: Failed to get GPU power usage: Not Supported

2024/12/06 (21:36:48) | ===> btop++ v.1.4.0
2024/12/06 (21:36:48) | WARNING: NVML: Failed to get GPU power usage: Not Supported

2024/12/06 (21:42:32) | ===> btop++ v.1.4.0
2024/12/06 (21:42:32) | WARNING: NVML: Failed to get GPU power usage: Not Supported

2024/12/06 (21:47:19) | ===> btop++ v.1.4.0
2024/12/06 (21:47:19) | WARNING: NVML: Failed to get GPU power usage: Not Supported

2024/12/06 (21:51:37) | ===> btop++ v.1.4.0
2024/12/06 (21:51:37) | WARNING: NVML: Failed to get GPU power usage: Not Supported

2024/12/12 (17:34:02) | ===> btop++ v.1.4.0
2024/12/12 (17:34:02) | WARNING: NVML: Failed to get GPU power usage: Not Supported

2024/12/12 (17:44:21) | ===> btop++ v.1.4.0
2024/12/12 (17:44:21) | WARNING: NVML: Failed to get GPU power usage: Not Supported

2024/12/15 (23:27:40) | ===> btop++ v.1.4.0
2024/12/15 (23:27:40) | WARNING: NVML: Failed to get GPU power usage: Not Supported

2024/12/15 (23:28:49) | ===> btop++ v.1.4.0
2024/12/15 (23:28:49) | WARNING: NVML: Failed to get GPU power usage: Not Supported

2024/12/20 (21:22:50) | ===> btop++ v.1.4.0
2024/12/20 (21:22:50) | WARNING: NVML: Failed to get GPU power usage: Not Supported

2024/12/21 (15:35:39) | ===> btop++ v.1.4.0
2024/12/21 (15:35:39) | WARNING: NVML: Failed to get GPU power usage: Not Supported

2024/12/21 (15:57:48) | ===> btop++ v.1.4.0
2024/12/21 (15:57:48) | WARNING: NVML: Failed to get GPU power usage: Not Supported

2024/12/21 (16:04:00) | ===> btop++ v.1.4.0
2024/12/21 (16:04:00) | WARNING: NVML: Failed to get GPU power usage: Not Supported

2024/12/21 (16:06:35) | ===> btop++ v.1.4.0
2024/12/21 (16:06:35) | WARNING: NVML: Failed to get GPU power usage: Not Supported

2024/12/21 (17:04:34) | ===> btop++ v.1.4.0
2024/12/21 (17:04:34) | WARNING: NVML: Failed to get GPU power usage: Not Supported

2024/12/21 (19:00:22) | ===> btop++ v.1.4.0
2024/12/21 (19:00:22) | WARNING: NVML: Failed to get GPU power usage: Not Supported

2024/12/21 (19:03:27) | ===> btop++ v.1.4.0
2024/12/21 (19:03:27) | WARNING: NVML: Failed to get GPU power usage: Not Supported

2024/12/21 (19:14:43) | ===> btop++ v.1.4.0
2024/12/21 (19:14:43) | WARNING: NVML: Failed to get GPU power usage: Not Supported

2024/12/21 (19:15:34) | ===> btop++ v.1.4.0
2024/12/21 (19:15:34) | WARNING: NVML: Failed to get GPU power usage: Not Supported

2024/12/22 (00:00:43) | ===> btop++ v.1.4.0
2024/12/22 (00:00:43) | WARNING: NVML: Failed to get GPU power usage: Not Supported

2024/12/22 (00:01:04) | ===> btop++ v.1.4.0
2024/12/22 (00:01:04) | WARNING: NVML: Failed to get GPU power usage: Not Supported

2024/12/22 (01:09:23) | ===> btop++ v.1.4.0
2024/12/22 (01:09:23) | WARNING: NVML: Failed to get GPU power usage: Not Supported

2024/12/22 (01:20:15) | ===> btop++ v.1.4.0
2024/12/22 (01:20:15) | WARNING: NVML: Failed to get GPU power usage: Not Supported

2024/12/22 (01:25:15) | ===> btop++ v.1.4.0
2024/12/22 (01:25:15) | WARNING: NVML: Failed to get GPU power usage: Not Supported

2024/12/22 (01:30:41) | ===> btop++ v.1.4.0
2024/12/22 (01:30:41) | WARNING: NVML: Failed to get GPU power usage: Not Supported

2024/12/22 (02:21:38) | ===> btop++ v.1.4.0
2024/12/22 (02:21:38) | WARNING: NVML: Failed to get GPU power usage: Not Supported

2024/12/22 (02:31:03) | ===> btop++ v.1.4.0
2024/12/22 (02:31:03) | WARNING: NVML: Failed to get GPU power usage: Not Supported

2024/12/22 (02:37:56) | ===> btop++ v.1.4.0
2024/12/22 (02:37:56) | WARNING: NVML: Failed to get GPU power usage: Not Supported

2024/12/22 (03:23:47) | ===> btop++ v.1.4.0
2024/12/22 (03:23:47) | WARNING: NVML: Failed to get GPU power usage: Not Supported

2024/12/22 (03:33:33) | ===> btop++ v.1.4.0
2024/12/22 (03:33:33) | WARNING: NVML: Failed to get GPU power usage: Not Supported

2024/12/22 (03:44:30) | ===> btop++ v.1.4.0
2024/12/22 (03:44:30) | WARNING: NVML: Failed to get GPU power usage: Not Supported

2024/12/22 (03:46:40) | ===> btop++ v.1.4.0
2024/12/22 (03:46:40) | WARNING: NVML: Failed to get GPU power usage: Not Supported

2024/12/22 (15:05:26) | ===> btop++ v.1.4.0
2024/12/22 (15:05:26) | WARNING: NVML: Failed to get GPU power usage: Not Supported

2024/12/22 (20:10:06) | ===> btop++ v.1.4.0
2024/12/22 (20:10:06) | WARNING: NVML: Failed to get GPU power usage: Not Supported

2024/12/22 (20:22:41) | ===> btop++ v.1.4.0
2024/12/22 (20:22:41) | WARNING: NVML: Failed to get GPU power usage: Not Supported

2024/12/22 (20:26:02) | ===> btop++ v.1.4.0
2024/12/22 (20:26:02) | WARNING: NVML: Failed to get GPU power usage: Not Supported

2024/12/22 (21:10:59) | ===> btop++ v.1.4.0
2024/12/22 (21:10:59) | WARNING: NVML: Failed to get GPU power usage: Not Supported

2024/12/24 (16:30:51) | ===> btop++ v.1.4.0
2024/12/24 (16:30:51) | WARNING: NVML: Failed to get GPU power usage: Not Supported

2024/12/24 (17:32:33) | ===> btop++ v.1.4.0
2024/12/24 (17:32:33) | WARNING: NVML: Failed to get GPU power usage: Not Supported

2024/12/24 (17:53:34) | ===> btop++ v.1.4.0
2024/12/24 (17:53:34) | WARNING: NVML: Failed to get GPU power usage: Not Supported

2024/12/24 (18:10:13) | ===> btop++ v.1.4.0
2024/12/24 (18:10:13) | WARNING: NVML: Failed to get GPU power usage: Not Supported

2024/12/24 (18:11:37) | ===> btop++ v.1.4.0
2024/12/24 (18:11:37) | WARNING: NVML: Failed to get GPU power usage: Not Supported

2024/12/24 (18:16:44) | ===> btop++ v.1.4.0
2024/12/24 (18:16:44) | WARNING: NVML: Failed to get GPU power usage: Not Supported

2024/12/24 (18:28:11) | ===> btop++ v.1.4.0
2024/12/24 (18:28:11) | WARNING: NVML: Failed to get GPU power usage: Not Supported

2024/12/24 (18:42:25) | ===> btop++ v.1.4.0
2024/12/24 (18:42:25) | WARNING: NVML: Failed to get GPU power usage: Not Supported

2024/12/24 (19:00:33) | ===> btop++ v.1.4.0
2024/12/24 (19:00:33) | WARNING: NVML: Failed to get GPU power usage: Not Supported

2024/12/24 (19:00:44) | ===> btop++ v.1.4.0
2024/12/24 (19:00:44) | WARNING: NVML: Failed to get GPU power usage: Not Supported

2024/12/24 (19:00:58) | ===> btop++ v.1.4.0
2024/12/24 (19:00:58) | WARNING: NVML: Failed to get GPU power usage: Not Supported

2024/12/24 (19:29:26) | ===> btop++ v.1.4.0
2024/12/24 (19:29:26) | WARNING: NVML: Failed to get GPU power usage: Not Supported

2024/12/24 (19:41:23) | ===> btop++ v.1.4.0
2024/12/24 (19:41:23) | WARNING: NVML: Failed to get GPU power usage: Not Supported

2024/12/24 (21:05:32) | ===> btop++ v.1.4.0
2024/12/24 (21:05:32) | WARNING: NVML: Failed to get GPU power usage: Not Supported

2024/12/24 (21:08:59) | ===> btop++ v.1.4.0
2024/12/24 (21:08:59) | WARNING: NVML: Failed to get GPU power usage: Not Supported

2024/12/24 (21:27:53) | ===> btop++ v.1.4.0
2024/12/24 (21:27:53) | WARNING: NVML: Failed to get GPU power usage: Not Supported

2024/12/24 (22:06:22) | ===> btop++ v.1.4.0
2024/12/24 (22:06:22) | WARNING: NVML: Failed to get GPU power usage: Not Supported

2024/12/25 (01:10:53) | ===> btop++ v.1.4.0
2024/12/25 (01:10:53) | WARNING: NVML: Failed to get GPU power usage: Not Supported

2024/12/25 (01:54:05) | ===> btop++ v.1.4.0
2024/12/25 (01:54:05) | WARNING: NVML: Failed to get GPU power usage: Not Supported

2024/12/25 (02:57:03) | ===> btop++ v.1.4.0
2024/12/25 (02:57:03) | WARNING: NVML: Failed to get GPU power usage: Not Supported

2024/12/25 (02:58:57) | ===> btop++ v.1.4.0
2024/12/25 (02:58:57) | WARNING: NVML: Failed to get GPU power usage: Not Supported

2024/12/25 (03:01:09) | ===> btop++ v.1.4.0
2024/12/25 (03:01:09) | WARNING: NVML: Failed to get GPU power usage: Not Supported

2024/12/25 (03:57:30) | ===> btop++ v.1.4.0
2024/12/25 (03:57:30) | WARNING: NVML: Failed to get GPU power usage: Not Supported

2024/12/25 (04:11:55) | ===> btop++ v.1.4.0
2024/12/25 (04:11:55) | WARNING: NVML: Failed to get GPU power usage: Not Supported

2024/12/25 (04:18:19) | ===> btop++ v.1.4.0
2024/12/25 (04:18:19) | WARNING: NVML: Failed to get GPU power usage: Not Supported

2024/12/25 (04:36:43) | ===> btop++ v.1.4.0
2024/12/25 (04:36:43) | WARNING: NVML: Failed to get GPU power usage: Not Supported

2024/12/25 (13:29:18) | ===> btop++ v.1.4.0
2024/12/25 (13:29:18) | WARNING: NVML: Failed to get GPU power usage: Not Supported

2024/12/25 (18:07:02) | ===> btop++ v.1.4.0
2024/12/25 (18:07:02) | WARNING: NVML: Failed to get GPU power usage: Not Supported

2024/12/25 (20:12:45) | ===> btop++ v.1.4.0
2024/12/25 (20:12:45) | WARNING: NVML: Failed to get GPU power usage: Not Supported

2024/12/26 (01:24:17) | ===> btop++ v.1.4.0
2024/12/26 (01:24:17) | WARNING: NVML: Failed to get GPU power usage: Not Supported

2024/12/26 (01:54:32) | ===> btop++ v.1.4.0
2024/12/26 (01:54:32) | WARNING: NVML: Failed to get GPU power usage: Not Supported

2024/12/26 (02:56:36) | ===> btop++ v.1.4.0
2024/12/26 (02:56:36) | WARNING: NVML: Failed to get GPU power usage: Not Supported

2024/12/26 (04:37:26) | ===> btop++ v.1.4.0
2024/12/26 (04:37:26) | WARNING: NVML: Failed to get GPU power usage: Not Supported

2024/12/26 (06:26:45) | ===> btop++ v.1.4.0
2024/12/26 (06:26:45) | WARNING: NVML: Failed to get GPU power usage: Not Supported

2024/12/26 (06:41:39) | ===> btop++ v.1.4.0
2024/12/26 (06:41:39) | WARNING: NVML: Failed to get GPU power usage: Not Supported

2024/12/26 (16:38:59) | ===> btop++ v.1.4.0
2024/12/26 (16:38:59) | WARNING: NVML: Failed to get GPU power usage: Not Supported

2024/12/26 (16:40:41) | ===> btop++ v.1.4.0
2024/12/26 (16:40:41) | WARNING: NVML: Failed to get GPU power usage: Not Supported

2024/12/26 (16:42:33) | ===> btop++ v.1.4.0
2024/12/26 (16:42:33) | WARNING: NVML: Failed to get GPU power usage: Not Supported

2024/12/26 (16:43:19) | ===> btop++ v.1.4.0
2024/12/26 (16:43:19) | WARNING: NVML: Failed to get GPU power usage: Not Supported

2024/12/26 (17:42:14) | ===> btop++ v.1.4.0
2024/12/26 (17:42:14) | WARNING: NVML: Failed to get GPU power usage: Not Supported

2024/12/26 (18:12:47) | ===> btop++ v.1.4.0
2024/12/26 (18:12:47) | WARNING: NVML: Failed to get GPU power usage: Not Supported

2024/12/26 (18:17:56) | ===> btop++ v.1.4.0
2024/12/26 (18:17:56) | WARNING: NVML: Failed to get GPU power usage: Not Supported

2024/12/26 (18:22:38) | ===> btop++ v.1.4.0
2024/12/26 (18:22:38) | WARNING: NVML: Failed to get GPU power usage: Not Supported

2024/12/26 (19:02:17) | ===> btop++ v.1.4.0
2024/12/26 (19:02:17) | WARNING: NVML: Failed to get GPU power usage: Not Supported

2024/12/26 (19:35:55) | ===> btop++ v.1.4.0
2024/12/26 (19:35:55) | WARNING: NVML: Failed to get GPU power usage: Not Supported

2024/12/26 (19:37:42) | ===> btop++ v.1.4.0
2024/12/26 (19:37:42) | WARNING: NVML: Failed to get GPU power usage: Not Supported

2024/12/26 (20:43:22) | ===> btop++ v.1.4.0
2024/12/26 (20:43:22) | WARNING: NVML: Failed to get GPU power usage: Not Supported

2024/12/26 (20:55:54) | ===> btop++ v.1.4.0
2024/12/26 (20:55:54) | WARNING: NVML: Failed to get GPU power usage: Not Supported

2024/12/26 (22:23:23) | ===> btop++ v.1.4.0
2024/12/26 (22:23:23) | WARNING: NVML: Failed to get GPU power usage: Not Supported

2024/12/26 (23:19:06) | ===> btop++ v.1.4.0
2024/12/26 (23:19:06) | WARNING: NVML: Failed to get GPU power usage: Not Supported

2024/12/27 (01:19:00) | ===> btop++ v.1.4.0
2024/12/27 (01:19:00) | WARNING: NVML: Failed to get GPU power usage: Not Supported

2024/12/27 (02:39:20) | ===> btop++ v.1.4.0
2024/12/27 (02:39:20) | WARNING: NVML: Failed to get GPU power usage: Not Supported

2024/12/27 (02:47:26) | ===> btop++ v.1.4.0
2024/12/27 (02:47:26) | WARNING: NVML: Failed to get GPU power usage: Not Supported

2024/12/27 (03:07:31) | ===> btop++ v.1.4.0
2024/12/27 (03:07:31) | WARNING: NVML: Failed to get GPU power usage: Not Supported

2024/12/27 (03:24:32) | ===> btop++ v.1.4.0
2024/12/27 (03:24:32) | WARNING: NVML: Failed to get GPU power usage: Not Supported

2024/12/27 (04:14:09) | ===> btop++ v.1.4.0
2024/12/27 (04:14:09) | WARNING: NVML: Failed to get GPU power usage: Not Supported

2024/12/27 (13:58:40) | ===> btop++ v.1.4.0
2024/12/27 (13:58:40) | WARNING: NVML: Failed to get GPU power usage: Not Supported

2024/12/27 (17:49:39) | ===> btop++ v.1.4.0
2024/12/27 (17:49:39) | WARNING: NVML: Failed to get GPU power usage: Not Supported

2024/12/27 (17:59:00) | ===> btop++ v.1.4.0
2024/12/27 (17:59:00) | WARNING: NVML: Failed to get GPU power usage: Not Supported

2024/12/27 (18:06:04) | ===> btop++ v.1.4.0
2024/12/27 (18:06:04) | WARNING: NVML: Failed to get GPU power usage: Not Supported

2024/12/30 (06:45:00) | ===> btop++ v.1.4.0
2024/12/30 (06:45:00) | WARNING: NVML: Failed to get GPU power usage: Not Supported

2024/12/30 (18:38:49) | ===> btop++ v.1.4.0
2024/12/30 (18:38:49) | WARNING: NVML: Failed to get GPU power usage: Not Supported

2024/12/30 (19:09:12) | ===> btop++ v.1.4.0
2024/12/30 (19:09:12) | WARNING: NVML: Failed to get GPU power usage: Not Supported

2024/12/30 (19:47:05) | ===> btop++ v.1.4.0
2024/12/30 (19:47:05) | WARNING: NVML: Failed to get GPU power usage: Not Supported

2024/12/30 (20:18:03) | ===> btop++ v.1.4.0
2024/12/30 (20:18:03) | WARNING: NVML: Failed to get GPU power usage: Not Supported

2024/12/30 (20:25:49) | ===> btop++ v.1.4.0
2024/12/30 (20:25:49) | WARNING: NVML: Failed to get GPU power usage: Not Supported

2024/12/31 (02:10:17) | ===> btop++ v.1.4.0
2024/12/31 (02:10:17) | WARNING: NVML: Failed to get GPU power usage: Not Supported

2024/12/31 (02:32:43) | ===> btop++ v.1.4.0
2024/12/31 (02:32:43) | WARNING: NVML: Failed to get GPU power usage: Not Supported

2024/12/31 (02:35:44) | ===> btop++ v.1.4.0
2024/12/31 (02:35:44) | WARNING: NVML: Failed to get GPU power usage: Not Supported

2024/12/31 (02:38:55) | ===> btop++ v.1.4.0
2024/12/31 (02:38:55) | WARNING: NVML: Failed to get GPU power usage: Not Supported

2024/12/31 (04:00:11) | ===> btop++ v.1.4.0
2024/12/31 (04:00:11) | WARNING: NVML: Failed to get GPU power usage: Not Supported

2024/12/31 (05:07:20) | ===> btop++ v.1.4.0
2024/12/31 (05:07:20) | WARNING: NVML: Failed to get GPU power usage: Not Supported

2024/12/31 (05:21:46) | ===> btop++ v.1.4.0
2024/12/31 (05:21:46) | WARNING: NVML: Failed to get GPU power usage: Not Supported

2024/12/31 (22:54:35) | ===> btop++ v.1.4.0
2024/12/31 (22:54:35) | WARNING: NVML: Failed to get GPU power usage: Not Supported

2024/12/31 (23:13:01) | ===> btop++ v.1.4.0
2024/12/31 (23:13:01) | WARNING: NVML: Failed to get GPU power usage: Not Supported

2024/12/31 (23:44:42) | ===> btop++ v.1.4.0
2024/12/31 (23:44:42) | WARNING: NVML: Failed to get GPU power usage: Not Supported

2025/01/01 (00:02:26) | ===> btop++ v.1.4.0
2025/01/01 (00:02:26) | WARNING: NVML: Failed to get GPU power usage: Not Supported

2025/01/01 (00:05:58) | ===> btop++ v.1.4.0
2025/01/01 (00:05:58) | WARNING: NVML: Failed to get GPU power usage: Not Supported

2025/01/01 (00:18:08) | ===> btop++ v.1.4.0
2025/01/01 (00:18:08) | WARNING: NVML: Failed to get GPU power usage: Not Supported

2025/01/01 (00:56:01) | ===> btop++ v.1.4.0
2025/01/01 (00:56:01) | WARNING: NVML: Failed to get GPU power usage: Not Supported

2025/01/01 (21:07:28) | ===> btop++ v.1.4.0
2025/01/01 (21:07:28) | WARNING: NVML: Failed to get GPU power usage: Not Supported

2025/01/01 (21:07:47) | ===> btop++ v.1.4.0
2025/01/01 (21:07:47) | WARNING: NVML: Failed to get GPU power usage: Not Supported

2025/01/01 (21:20:54) | ===> btop++ v.1.4.0
2025/01/01 (21:20:54) | WARNING: NVML: Failed to get GPU power usage: Not Supported

2025/01/02 (01:20:31) | ===> btop++ v.1.4.0
2025/01/02 (01:20:31) | WARNING: NVML: Failed to get GPU power usage: Not Supported

2025/01/02 (01:36:51) | ===> btop++ v.1.4.0
2025/01/02 (01:36:51) | WARNING: NVML: Failed to get GPU power usage: Not Supported

2025/01/02 (01:47:44) | ===> btop++ v.1.4.0
2025/01/02 (01:47:44) | WARNING: NVML: Failed to get GPU power usage: Not Supported

2025/01/02 (01:58:59) | ===> btop++ v.1.4.0
2025/01/02 (01:58:59) | WARNING: NVML: Failed to get GPU power usage: Not Supported

2025/01/02 (02:23:32) | ===> btop++ v.1.4.0
2025/01/02 (02:23:32) | WARNING: NVML: Failed to get GPU power usage: Not Supported

2025/01/02 (02:24:51) | ===> btop++ v.1.4.0
2025/01/02 (02:24:51) | WARNING: NVML: Failed to get GPU power usage: Not Supported

2025/01/02 (02:34:07) | ===> btop++ v.1.4.0
2025/01/02 (02:34:07) | WARNING: NVML: Failed to get GPU power usage: Not Supported

2025/01/02 (02:41:56) | ===> btop++ v.1.4.0
2025/01/02 (02:41:56) | WARNING: NVML: Failed to get GPU power usage: Not Supported

2025/01/02 (02:58:27) | ===> btop++ v.1.4.0
2025/01/02 (02:58:27) | WARNING: NVML: Failed to get GPU power usage: Not Supported

2025/01/02 (03:02:39) | ===> btop++ v.1.4.0
2025/01/02 (03:02:39) | WARNING: NVML: Failed to get GPU power usage: Not Supported

2025/01/02 (03:25:22) | ===> btop++ v.1.4.0
2025/01/02 (03:25:22) | WARNING: NVML: Failed to get GPU power usage: Not Supported

2025/01/02 (05:24:41) | ===> btop++ v.1.4.0
2025/01/02 (05:24:41) | WARNING: NVML: Failed to get GPU power usage: Not Supported

2025/01/02 (05:50:44) | ===> btop++ v.1.4.0
2025/01/02 (05:50:44) | WARNING: NVML: Failed to get GPU power usage: Not Supported

2025/01/02 (05:54:07) | ===> btop++ v.1.4.0
2025/01/02 (05:54:07) | WARNING: NVML: Failed to get GPU power usage: Not Supported

2025/01/02 (21:30:36) | ===> btop++ v.1.4.0
2025/01/02 (21:30:36) | WARNING: NVML: Failed to get GPU power usage: Not Supported

2025/01/02 (21:41:59) | ===> btop++ v.1.4.0
2025/01/02 (21:41:59) | WARNING: NVML: Failed to get GPU power usage: Not Supported

2025/01/02 (22:43:34) | ===> btop++ v.1.4.0
2025/01/02 (22:43:34) | WARNING: NVML: Failed to get GPU power usage: Not Supported

2025/01/02 (22:44:26) | ===> btop++ v.1.4.0
2025/01/02 (22:44:26) | WARNING: NVML: Failed to get GPU power usage: Not Supported

2025/01/02 (22:48:45) | ===> btop++ v.1.4.0
2025/01/02 (22:48:45) | WARNING: NVML: Failed to get GPU power usage: Not Supported

2025/01/02 (22:51:26) | ===> btop++ v.1.4.0
2025/01/02 (22:51:26) | WARNING: NVML: Failed to get GPU power usage: Not Supported

2025/01/02 (22:53:27) | ===> btop++ v.1.4.0
2025/01/02 (22:53:27) | WARNING: NVML: Failed to get GPU power usage: Not Supported

2025/01/02 (22:57:42) | ===> btop++ v.1.4.0
2025/01/02 (22:57:42) | WARNING: NVML: Failed to get GPU power usage: Not Supported

2025/01/02 (23:01:46) | ===> btop++ v.1.4.0
2025/01/02 (23:01:46) | WARNING: NVML: Failed to get GPU power usage: Not Supported

2025/01/03 (01:26:34) | ===> btop++ v.1.4.0
2025/01/03 (01:26:34) | WARNING: NVML: Failed to get GPU power usage: Not Supported

2025/01/03 (02:05:15) | ===> btop++ v.1.4.0
2025/01/03 (02:05:15) | WARNING: NVML: Failed to get GPU power usage: Not Supported

2025/01/03 (02:10:25) | ===> btop++ v.1.4.0
2025/01/03 (02:10:25) | WARNING: NVML: Failed to get GPU power usage: Not Supported

2025/01/03 (02:21:20) | ===> btop++ v.1.4.0
2025/01/03 (02:21:20) | WARNING: NVML: Failed to get GPU power usage: Not Supported

2025/01/03 (02:45:13) | ===> btop++ v.1.4.0
2025/01/03 (02:45:13) | WARNING: NVML: Failed to get GPU power usage: Not Supported

2025/01/03 (02:48:33) | ===> btop++ v.1.4.0
2025/01/03 (02:48:33) | WARNING: NVML: Failed to get GPU power usage: Not Supported

2025/01/03 (03:03:31) | ===> btop++ v.1.4.0
2025/01/03 (03:03:31) | WARNING: NVML: Failed to get GPU power usage: Not Supported

2025/01/03 (03:16:35) | ===> btop++ v.1.4.0
2025/01/03 (03:16:35) | WARNING: NVML: Failed to get GPU power usage: Not Supported

2025/01/03 (03:20:17) | ===> btop++ v.1.4.0
2025/01/03 (03:20:17) | WARNING: NVML: Failed to get GPU power usage: Not Supported

2025/01/03 (03:56:35) | ===> btop++ v.1.4.0
2025/01/03 (03:56:35) | WARNING: NVML: Failed to get GPU power usage: Not Supported

2025/01/03 (04:19:51) | ===> btop++ v.1.4.0
2025/01/03 (04:19:51) | WARNING: NVML: Failed to get GPU power usage: Not Supported

2025/01/03 (04:38:38) | ===> btop++ v.1.4.0
2025/01/03 (04:38:38) | WARNING: NVML: Failed to get GPU power usage: Not Supported

2025/01/03 (05:15:22) | ===> btop++ v.1.4.0
2025/01/03 (05:15:22) | WARNING: NVML: Failed to get GPU power usage: Not Supported

2025/01/03 (05:31:13) | ===> btop++ v.1.4.0
2025/01/03 (05:31:13) | WARNING: NVML: Failed to get GPU power usage: Not Supported

2025/01/03 (07:08:41) | ===> btop++ v.1.4.0
2025/01/03 (07:08:41) | WARNING: NVML: Failed to get GPU power usage: Not Supported

2025/01/03 (07:22:53) | ===> btop++ v.1.4.0
2025/01/03 (07:22:53) | WARNING: NVML: Failed to get GPU power usage: Not Supported

2025/01/03 (07:23:05) | ===> btop++ v.1.4.0
2025/01/03 (07:23:05) | WARNING: NVML: Failed to get GPU power usage: Not Supported
2025/01/03 (07:23:14) | ERROR: Stall in Runner thread, restarting!
2025/01/03 (07:24:09) | ERROR: Runner thread died unexpectedly!

2025/01/03 (07:28:44) | ===> btop++ v.1.4.0
2025/01/03 (07:28:44) | WARNING: NVML: Failed to get GPU power usage: Not Supported

2025/01/03 (07:34:17) | ===> btop++ v.1.4.0
2025/01/03 (07:34:17) | WARNING: NVML: Failed to get GPU power usage: Not Supported

2025/01/03 (09:13:27) | ===> btop++ v.1.4.0
2025/01/03 (09:13:27) | WARNING: NVML: Failed to get GPU power usage: Not Supported

2025/01/03 (09:29:45) | ===> btop++ v.1.4.0
2025/01/03 (09:29:45) | WARNING: NVML: Failed to get GPU power usage: Not Supported

2025/01/03 (09:33:01) | ===> btop++ v.1.4.0
2025/01/03 (09:33:01) | WARNING: NVML: Failed to get GPU power usage: Not Supported

2025/01/03 (21:49:48) | ===> btop++ v.1.4.0
2025/01/03 (21:49:48) | WARNING: NVML: Failed to get GPU power usage: Not Supported

2025/01/03 (21:51:52) | ===> btop++ v.1.4.0
2025/01/03 (21:51:52) | WARNING: NVML: Failed to get GPU power usage: Not Supported

2025/01/03 (22:00:09) | ===> btop++ v.1.4.0
2025/01/03 (22:00:09) | WARNING: NVML: Failed to get GPU power usage: Not Supported

2025/01/03 (22:21:53) | ===> btop++ v.1.4.0
2025/01/03 (22:21:53) | WARNING: NVML: Failed to get GPU power usage: Not Supported

2025/01/03 (22:24:35) | ===> btop++ v.1.4.0
2025/01/03 (22:24:35) | WARNING: NVML: Failed to get GPU power usage: Not Supported

2025/01/03 (22:33:12) | ===> btop++ v.1.4.0
2025/01/03 (22:33:12) | WARNING: NVML: Failed to get GPU power usage: Not Supported

2025/01/03 (22:55:42) | ===> btop++ v.1.4.0
2025/01/03 (22:55:42) | WARNING: NVML: Failed to get GPU power usage: Not Supported

2025/01/03 (23:12:53) | ===> btop++ v.1.4.0
2025/01/03 (23:12:53) | WARNING: NVML: Failed to get GPU power usage: Not Supported

2025/01/03 (23:29:47) | ===> btop++ v.1.4.0
2025/01/03 (23:29:47) | WARNING: NVML: Failed to get GPU power usage: Not Supported

2025/01/03 (23:35:34) | ===> btop++ v.1.4.0
2025/01/03 (23:35:34) | WARNING: NVML: Failed to get GPU power usage: Not Supported

2025/01/04 (00:04:34) | ===> btop++ v.1.4.0
2025/01/04 (00:04:34) | WARNING: NVML: Failed to get GPU power usage: Not Supported

2025/01/04 (03:36:48) | ===> btop++ v.1.4.0
2025/01/04 (03:36:48) | WARNING: NVML: Failed to get GPU power usage: Not Supported

2025/01/04 (04:15:39) | ===> btop++ v.1.4.0
2025/01/04 (04:15:39) | WARNING: NVML: Failed to get GPU power usage: Not Supported

2025/01/04 (04:39:08) | ===> btop++ v.1.4.0
2025/01/04 (04:39:08) | WARNING: NVML: Failed to get GPU power usage: Not Supported

2025/01/04 (06:16:22) | ===> btop++ v.1.4.0
2025/01/04 (06:16:22) | WARNING: NVML: Failed to get GPU power usage: Not Supported

2025/01/04 (07:18:10) | ===> btop++ v.1.4.0
2025/01/04 (07:18:10) | WARNING: NVML: Failed to get GPU power usage: Not Supported

2025/01/04 (07:26:30) | ===> btop++ v.1.4.0
2025/01/04 (07:26:30) | WARNING: NVML: Failed to get GPU power usage: Not Supported

2025/01/04 (08:27:14) | ===> btop++ v.1.4.0
2025/01/04 (08:27:14) | WARNING: NVML: Failed to get GPU power usage: Not Supported

2025/01/04 (08:42:55) | ===> btop++ v.1.4.0
2025/01/04 (08:42:55) | WARNING: NVML: Failed to get GPU power usage: Not Supported

2025/01/04 (10:17:22) | ===> btop++ v.1.4.0
2025/01/04 (10:17:22) | WARNING: NVML: Failed to get GPU power usage: Not Supported

2025/01/04 (10:22:22) | ===> btop++ v.1.4.0
2025/01/04 (10:22:22) | WARNING: NVML: Failed to get GPU power usage: Not Supported

2025/01/04 (10:26:51) | ===> btop++ v.1.4.0
2025/01/04 (10:26:51) | WARNING: NVML: Failed to get GPU power usage: Not Supported

2025/01/04 (10:41:52) | ===> btop++ v.1.4.0
2025/01/04 (10:41:52) | WARNING: NVML: Failed to get GPU power usage: Not Supported

2025/01/04 (10:57:49) | ===> btop++ v.1.4.0
2025/01/04 (10:57:49) | WARNING: NVML: Failed to get GPU power usage: Not Supported

2025/01/04 (11:48:51) | ===> btop++ v.1.4.0
2025/01/04 (11:48:51) | WARNING: NVML: Failed to get GPU power usage: Not Supported

2025/01/04 (12:06:47) | ===> btop++ v.1.4.0
2025/01/04 (12:06:47) | WARNING: NVML: Failed to get GPU power usage: Not Supported

2025/01/04 (12:32:11) | ===> btop++ v.1.4.0
2025/01/04 (12:32:11) | WARNING: NVML: Failed to get GPU power usage: Not Supported

2025/01/04 (13:07:28) | ===> btop++ v.1.4.0
2025/01/04 (13:07:28) | WARNING: NVML: Failed to get GPU power usage: Not Supported

2025/01/04 (21:34:34) | ===> btop++ v.1.4.0
2025/01/04 (21:34:34) | WARNING: NVML: Failed to get GPU power usage: Not Supported

2025/01/04 (21:35:47) | ===> btop++ v.1.4.0
2025/01/04 (21:35:47) | WARNING: NVML: Failed to get GPU power usage: Not Supported

2025/01/04 (22:06:53) | ===> btop++ v.1.4.0
2025/01/04 (22:06:53) | WARNING: NVML: Failed to get GPU power usage: Not Supported

2025/01/04 (22:28:47) | ===> btop++ v.1.4.0
2025/01/04 (22:28:47) | WARNING: NVML: Failed to get GPU power usage: Not Supported

2025/01/04 (22:58:37) | ===> btop++ v.1.4.0
2025/01/04 (22:58:37) | WARNING: NVML: Failed to get GPU power usage: Not Supported

2025/01/05 (02:57:03) | ===> btop++ v.1.4.0
2025/01/05 (02:57:03) | WARNING: NVML: Failed to get GPU power usage: Not Supported

2025/01/05 (03:03:41) | ===> btop++ v.1.4.0
2025/01/05 (03:03:41) | WARNING: NVML: Failed to get GPU power usage: Not Supported

2025/01/05 (08:22:18) | ===> btop++ v.1.4.0
2025/01/05 (08:22:18) | WARNING: NVML: Failed to get GPU power usage: Not Supported

2025/01/05 (08:30:15) | ===> btop++ v.1.4.0
2025/01/05 (08:30:15) | WARNING: NVML: Failed to get GPU power usage: Not Supported

2025/01/05 (08:36:53) | ===> btop++ v.1.4.0
2025/01/05 (08:36:53) | WARNING: NVML: Failed to get GPU power usage: Not Supported

2025/01/05 (08:57:59) | ===> btop++ v.1.4.0
2025/01/05 (08:57:59) | WARNING: NVML: Failed to get GPU power usage: Not Supported

2025/01/05 (16:30:15) | ===> btop++ v.1.4.0
2025/01/05 (16:30:15) | WARNING: NVML: Failed to get GPU power usage: Not Supported

2025/01/05 (16:36:52) | ===> btop++ v.1.4.0
2025/01/05 (16:36:52) | WARNING: NVML: Failed to get GPU power usage: Not Supported

2025/01/05 (17:16:13) | ===> btop++ v.1.4.0
2025/01/05 (17:16:13) | WARNING: NVML: Failed to get GPU power usage: Not Supported

2025/01/06 (08:07:16) | ===> btop++ v.1.4.0
2025/01/06 (08:07:16) | WARNING: NVML: Failed to get GPU power usage: Not Supported

2025/01/06 (08:17:15) | ===> btop++ v.1.4.0
2025/01/06 (08:17:15) | WARNING: NVML: Failed to get GPU power usage: Not Supported

2025/01/06 (08:29:13) | ===> btop++ v.1.4.0
2025/01/06 (08:29:13) | WARNING: NVML: Failed to get GPU power usage: Not Supported

2025/01/06 (08:52:48) | ===> btop++ v.1.4.0
2025/01/06 (08:52:48) | WARNING: NVML: Failed to get GPU power usage: Not Supported

2025/01/06 (08:55:23) | ===> btop++ v.1.4.0
2025/01/06 (08:55:23) | WARNING: NVML: Failed to get GPU power usage: Not Supported

2025/01/06 (11:13:07) | ===> btop++ v.1.4.0
2025/01/06 (11:13:07) | WARNING: NVML: Failed to get GPU power usage: Not Supported

2025/01/06 (12:28:41) | ===> btop++ v.1.4.0
2025/01/06 (12:28:41) | WARNING: NVML: Failed to get GPU power usage: Not Supported

2025/01/06 (18:02:17) | ===> btop++ v.1.4.0
2025/01/06 (18:02:17) | WARNING: NVML: Failed to get GPU power usage: Not Supported

2025/01/07 (12:39:31) | ===> btop++ v.1.4.0
2025/01/07 (12:39:31) | WARNING: NVML: Failed to get GPU power usage: Not Supported

2025/01/07 (13:19:48) | ===> btop++ v.1.4.0
2025/01/07 (13:19:48) | WARNING: NVML: Failed to get GPU power usage: Not Supported

2025/01/07 (13:35:53) | ===> btop++ v.1.4.0
2025/01/07 (13:35:53) | WARNING: NVML: Failed to get GPU power usage: Not Supported

2025/01/07 (15:11:31) | ===> btop++ v.1.4.0
2025/01/07 (15:11:31) | WARNING: NVML: Failed to get GPU power usage: Not Supported

2025/01/07 (15:17:09) | ===> btop++ v.1.4.0
2025/01/07 (15:17:09) | WARNING: NVML: Failed to get GPU power usage: Not Supported

2025/01/07 (15:42:12) | ===> btop++ v.1.4.0
2025/01/07 (15:42:12) | WARNING: NVML: Failed to get GPU power usage: Not Supported

2025/01/07 (15:56:39) | ===> btop++ v.1.4.0
2025/01/07 (15:56:39) | WARNING: NVML: Failed to get GPU power usage: Not Supported

2025/01/07 (15:57:13) | ===> btop++ v.1.4.0
2025/01/07 (15:57:13) | WARNING: NVML: Failed to get GPU power usage: Not Supported

2025/01/07 (16:11:08) | ===> btop++ v.1.4.0
2025/01/07 (16:11:08) | WARNING: NVML: Failed to get GPU power usage: Not Supported

2025/01/07 (16:12:46) | ===> btop++ v.1.4.0
2025/01/07 (16:12:46) | WARNING: NVML: Failed to get GPU power usage: Not Supported

2025/01/07 (16:35:44) | ===> btop++ v.1.4.0
2025/01/07 (16:35:44) | WARNING: NVML: Failed to get GPU power usage: Not Supported

2025/01/07 (16:45:05) | ===> btop++ v.1.4.0
2025/01/07 (16:45:05) | WARNING: NVML: Failed to get GPU power usage: Not Supported

2025/01/07 (16:58:44) | ===> btop++ v.1.4.0
2025/01/07 (16:58:44) | WARNING: NVML: Failed to get GPU power usage: Not Supported

2025/01/07 (17:11:11) | ===> btop++ v.1.4.0
2025/01/07 (17:11:11) | WARNING: NVML: Failed to get GPU power usage: Not Supported

2025/01/07 (17:50:16) | ===> btop++ v.1.4.0
2025/01/07 (17:50:16) | WARNING: NVML: Failed to get GPU power usage: Not Supported

2025/01/07 (18:05:02) | ===> btop++ v.1.4.0
2025/01/07 (18:05:02) | WARNING: NVML: Failed to get GPU power usage: Not Supported

2025/01/07 (19:23:05) | ===> btop++ v.1.4.0
2025/01/07 (19:23:05) | WARNING: NVML: Failed to get GPU power usage: Not Supported

2025/01/07 (19:25:22) | ===> btop++ v.1.4.0
2025/01/07 (19:25:22) | WARNING: NVML: Failed to get GPU power usage: Not Supported

2025/01/07 (19:36:41) | ===> btop++ v.1.4.0
2025/01/07 (19:36:41) | WARNING: NVML: Failed to get GPU power usage: Not Supported

2025/01/07 (19:37:04) | ===> btop++ v.1.4.0
2025/01/07 (19:37:04) | WARNING: NVML: Failed to get GPU power usage: Not Supported

2025/01/07 (19:44:32) | ===> btop++ v.1.4.0
2025/01/07 (19:44:32) | WARNING: NVML: Failed to get GPU power usage: Not Supported

2025/01/07 (19:59:16) | ===> btop++ v.1.4.0
2025/01/07 (19:59:16) | WARNING: NVML: Failed to get GPU power usage: Not Supported

2025/01/07 (20:00:10) | ===> btop++ v.1.4.0
2025/01/07 (20:00:10) | WARNING: NVML: Failed to get GPU power usage: Not Supported

2025/01/08 (09:05:18) | ===> btop++ v.1.4.0
2025/01/08 (09:05:18) | WARNING: NVML: Failed to get GPU power usage: Not Supported

2025/01/08 (09:52:41) | ===> btop++ v.1.4.0
2025/01/08 (09:52:41) | WARNING: NVML: Failed to get GPU power usage: Not Supported

2025/01/08 (09:52:48) | ===> btop++ v.1.4.0
2025/01/08 (09:52:48) | WARNING: NVML: Failed to get GPU power usage: Not Supported

2025/01/08 (10:00:46) | ===> btop++ v.1.4.0
2025/01/08 (10:00:46) | WARNING: NVML: Failed to get GPU power usage: Not Supported

2025/01/08 (10:02:22) | ===> btop++ v.1.4.0
2025/01/08 (10:02:22) | WARNING: NVML: Failed to get GPU power usage: Not Supported

2025/01/08 (10:59:15) | ===> btop++ v.1.4.0
2025/01/08 (10:59:15) | WARNING: NVML: Failed to get GPU power usage: Not Supported

2025/01/08 (11:49:23) | ===> btop++ v.1.4.0
2025/01/08 (11:49:23) | WARNING: NVML: Failed to get GPU power usage: Not Supported

2025/01/08 (12:20:07) | ===> btop++ v.1.4.0
2025/01/08 (12:20:07) | WARNING: NVML: Failed to get GPU power usage: Not Supported

2025/01/08 (13:42:37) | ===> btop++ v.1.4.0
2025/01/08 (13:42:37) | WARNING: NVML: Failed to get GPU power usage: Not Supported

2025/01/08 (14:01:23) | ===> btop++ v.1.4.0
2025/01/08 (14:01:23) | WARNING: NVML: Failed to get GPU power usage: Not Supported

2025/01/09 (13:08:48) | ===> btop++ v.1.4.0
2025/01/09 (13:08:48) | WARNING: NVML: Failed to get GPU power usage: Not Supported

2025/01/09 (14:58:10) | ===> btop++ v.1.4.0
2025/01/09 (14:58:10) | WARNING: NVML: Failed to get GPU power usage: Not Supported

2025/01/09 (14:59:33) | ===> btop++ v.1.4.0
2025/01/09 (14:59:33) | WARNING: NVML: Failed to get GPU power usage: Not Supported

2025/01/09 (15:01:03) | ===> btop++ v.1.4.0
2025/01/09 (15:01:03) | WARNING: NVML: Failed to get GPU power usage: Not Supported

2025/01/09 (15:02:39) | ===> btop++ v.1.4.0
2025/01/09 (15:02:39) | WARNING: NVML: Failed to get GPU power usage: Not Supported

2025/01/09 (16:01:22) | ===> btop++ v.1.4.0
2025/01/09 (16:01:22) | WARNING: NVML: Failed to get GPU power usage: Not Supported

2025/01/09 (16:04:52) | ===> btop++ v.1.4.0
2025/01/09 (16:04:52) | WARNING: NVML: Failed to get GPU power usage: Not Supported

2025/01/09 (16:33:24) | ===> btop++ v.1.4.0
2025/01/09 (16:33:24) | WARNING: NVML: Failed to get GPU power usage: Not Supported

2025/01/09 (17:37:05) | ===> btop++ v.1.4.0
2025/01/09 (17:37:05) | WARNING: NVML: Failed to get GPU power usage: Not Supported

2025/01/09 (17:45:57) | ===> btop++ v.1.4.0
2025/01/09 (17:45:57) | WARNING: NVML: Failed to get GPU power usage: Not Supported

2025/01/09 (17:50:05) | ===> btop++ v.1.4.0
2025/01/09 (17:50:05) | WARNING: NVML: Failed to get GPU power usage: Not Supported

2025/01/09 (17:51:16) | ===> btop++ v.1.4.0
2025/01/09 (17:51:16) | WARNING: NVML: Failed to get GPU power usage: Not Supported

2025/01/09 (22:47:57) | ===> btop++ v.1.4.0
2025/01/09 (22:47:57) | WARNING: NVML: Failed to get GPU power usage: Not Supported

2025/01/10 (09:19:20) | ===> btop++ v.1.4.0
2025/01/10 (09:19:20) | WARNING: NVML: Failed to get GPU power usage: Not Supported

2025/01/10 (09:21:07) | ===> btop++ v.1.4.0
2025/01/10 (09:21:07) | WARNING: NVML: Failed to get GPU power usage: Not Supported

2025/01/10 (09:22:46) | ===> btop++ v.1.4.0
2025/01/10 (09:22:46) | WARNING: NVML: Failed to get GPU power usage: Not Supported

2025/01/10 (09:30:14) | ===> btop++ v.1.4.0
2025/01/10 (09:30:14) | WARNING: NVML: Failed to get GPU power usage: Not Supported

2025/01/10 (12:26:22) | ===> btop++ v.1.4.0
2025/01/10 (12:26:22) | WARNING: NVML: Failed to get GPU power usage: Not Supported

2025/01/10 (13:04:10) | ===> btop++ v.1.4.0
2025/01/10 (13:04:10) | WARNING: NVML: Failed to get GPU power usage: Not Supported

2025/01/10 (13:07:03) | ===> btop++ v.1.4.0
2025/01/10 (13:07:03) | WARNING: NVML: Failed to get GPU power usage: Not Supported
